#
# There is insufficient memory for the Java Runtime Environment to continue.
# Native memory allocation (malloc) failed to allocate 1385456 bytes for Chunk::new
# Possible reasons:
#   The system is out of physical RAM or swap space
#   The process is running with CompressedOops enabled, and the Java Heap may be blocking the growth of the native heap
# Possible solutions:
#   Reduce memory load on the system
#   Increase physical memory or swap space
#   Check if swap backing store is full
#   Decrease Java heap size (-Xmx/-Xms)
#   Decrease number of Java threads
#   Decrease Java thread stack sizes (-Xss)
#   Set larger code cache with -XX:ReservedCodeCacheSize=
#   JVM is running with Unscaled Compressed Oops mode in which the Java heap is
#     placed in the first 4GB address space. The Java Heap base address is the
#     maximum limit for the native heap growth. Please use -XX:HeapBaseMinAddress
#     to set the Java Heap base and to place the Java Heap above 4GB virtual address.
# This output file may be truncated or incomplete.
#
#  Out of Memory Error (allocation.cpp:389), pid=18928, tid=0x00000000000020c8
#
# JRE version: OpenJDK Runtime Environment (8.0_242-b01) (build 1.8.0_242-release-1644-b01)
# Java VM: OpenJDK 64-Bit Server VM (25.242-b01 mixed mode windows-amd64 compressed oops)
# Failed to write core dump. Minidumps are not enabled by default on client versions of Windows
#

---------------  T H R E A D  ---------------

Current thread (0x00000000165b5000):  JavaThread "C2 CompilerThread1" daemon [_thread_in_native, id=8392, stack(0x0000000017cf0000,0x0000000017df0000)]

Stack: [0x0000000017cf0000,0x0000000017df0000]
[error occurred during error reporting (printing stack bounds), id 0xc0000005]

Native frames: (J=compiled Java code, j=interpreted, Vv=VM code, C=native code)


Current CompileTask:
C2:5763945 23341   !   4       com.android.dx.cf.code.Ropper::processBlock (1101 bytes)


---------------  P R O C E S S  ---------------

Java Threads: ( => current thread )
  0x000000001e6b1800 JavaThread "pool-13-thread-4" [_thread_blocked, id=18392, stack(0x0000000028cb0000,0x0000000028db0000)]
  0x000000001e6b1000 JavaThread "pool-13-thread-3" [_thread_blocked, id=15344, stack(0x0000000027b80000,0x0000000027c80000)]
  0x000000001e6b0000 JavaThread "pool-13-thread-2" [_thread_in_Java, id=6628, stack(0x0000000027a80000,0x0000000027b80000)]
  0x000000001e6b7000 JavaThread "pool-14-thread-1" [_thread_blocked, id=12372, stack(0x0000000025d60000,0x0000000025e60000)]
  0x000000001e6b2800 JavaThread "pool-13-thread-1" [_thread_blocked, id=14176, stack(0x0000000025bf0000,0x0000000025cf0000)]
  0x000000001e6b4800 JavaThread "pool-12-thread-1" [_thread_in_Java, id=11568, stack(0x0000000025270000,0x0000000025370000)]
  0x000000001e6b4000 JavaThread "ForkJoinPool.commonPool-worker-1" daemon [_thread_blocked, id=8156, stack(0x000000001a940000,0x000000001aa40000)]
  0x000000001e6ab800 JavaThread "Cache worker for Java compile cache (C:\Users\Azan Comp\AndroidStudioProjects\Android-face-filters\.gradle\4.1\javaCompile)" [_thread_blocked, id=17532, stack(0x0000000024d70000,0x0000000024e70000)]
  0x000000001e6ae000 JavaThread "Worker Daemon Execution Thread 5" [_thread_blocked, id=19236, stack(0x0000000024c70000,0x0000000024d70000)]
  0x000000001e6ae800 JavaThread "Worker Daemon Execution Thread 4" [_thread_blocked, id=17524, stack(0x0000000024b70000,0x0000000024c70000)]
  0x000000001e6a9800 JavaThread "Worker Daemon Execution Thread 3" [_thread_blocked, id=18932, stack(0x0000000024a70000,0x0000000024b70000)]
  0x000000001e6af800 JavaThread "Worker Daemon Execution Thread 2" [_thread_blocked, id=13204, stack(0x0000000023c80000,0x0000000023d80000)]
  0x000000001e6ab000 JavaThread "Worker Daemon Execution" [_thread_blocked, id=7528, stack(0x0000000023b80000,0x0000000023c80000)]
  0x000000001e6ad000 JavaThread "Task worker for ':' Thread 3" [_thread_blocked, id=6164, stack(0x0000000023a80000,0x0000000023b80000)]
  0x000000001e6a8000 JavaThread "Task worker for ':' Thread 2" [_thread_blocked, id=3100, stack(0x00000000226f0000,0x00000000227f0000)]
  0x000000001ba41800 JavaThread "Task worker for ':'" [_thread_blocked, id=720, stack(0x00000000221f0000,0x00000000222f0000)]
  0x000000001ba41000 JavaThread "Cache worker for task history cache (C:\Users\Azan Comp\AndroidStudioProjects\Android-face-filters\.gradle\4.1\taskHistory)" [_thread_blocked, id=14476, stack(0x0000000020e50000,0x0000000020f50000)]
  0x000000001ba42800 JavaThread "Cache worker for file content cache (C:\Users\Azan Comp\AndroidStudioProjects\Android-face-filters\.gradle\4.1\fileContent)" [_thread_blocked, id=9432, stack(0x0000000020350000,0x0000000020450000)]
  0x000000001ba3f800 JavaThread "build operations Thread 4" [_thread_blocked, id=18948, stack(0x000000001d780000,0x000000001d880000)]
  0x000000001ba3e800 JavaThread "build operations Thread 3" [_thread_blocked, id=1612, stack(0x000000001d3e0000,0x000000001d4e0000)]
  0x000000001ba44000 JavaThread "build operations Thread 2" [_thread_blocked, id=19424, stack(0x000000001c110000,0x000000001c210000)]
  0x000000001ba40000 JavaThread "build operations" [_thread_blocked, id=10532, stack(0x000000001ac40000,0x000000001ad40000)]
  0x000000001ba44800 JavaThread "Cache worker for Artifact transforms cache (C:\Users\Azan Comp\.gradle\caches\transforms-1)" [_thread_blocked, id=7728, stack(0x000000001ab40000,0x000000001ac40000)]
  0x000000001ba38800 JavaThread "Cache worker for file hash cache (C:\Users\Azan Comp\AndroidStudioProjects\Android-face-filters\.gradle\4.1\fileHashes)" [_thread_blocked, id=18888, stack(0x000000001aa40000,0x000000001ab40000)]
  0x000000001ba3d000 JavaThread "Asynchronous log dispatcher for DefaultDaemonConnection: socket connection from /127.0.0.1:12619 to /127.0.0.1:13525" [_thread_blocked, id=12392, stack(0x000000001a640000,0x000000001a740000)]
  0x000000001ba36800 JavaThread "Daemon worker Thread 6" [_thread_blocked, id=1988, stack(0x000000001a540000,0x000000001a640000)]
  0x000000001ba38000 JavaThread "Cancel handler" [_thread_blocked, id=18412, stack(0x0000000001000000,0x0000000001100000)]
  0x000000001ba35800 JavaThread "Handler for socket connection from /127.0.0.1:12619 to /127.0.0.1:13525" [_thread_in_native, id=3396, stack(0x0000000000f00000,0x0000000001000000)]
  0x000000001ba3b800 JavaThread "Daemon Thread 6" [_thread_blocked, id=9236, stack(0x0000000000cd0000,0x0000000000dd0000)]
  0x000000001c8fe000 JavaThread "MarlinRenderer Disposer" daemon [_thread_blocked, id=12156, stack(0x0000000025f60000,0x0000000026060000)]
  0x000000001c8fd000 JavaThread "Java2D Disposer" daemon [_thread_blocked, id=17012, stack(0x0000000025e60000,0x0000000025f60000)]
  0x000000001c8fc800 JavaThread "Memory manager" [_thread_blocked, id=19528, stack(0x0000000020950000,0x0000000020a50000)]
  0x000000001c8f8800 JavaThread "pool-1-thread-1" [_thread_blocked, id=19884, stack(0x0000000020850000,0x0000000020950000)]
  0x0000000018182000 JavaThread "File lock request listener" [_thread_in_native, id=12788, stack(0x000000001b040000,0x000000001b140000)]
  0x0000000019100800 JavaThread "Cache worker for file hash cache (C:\Users\Azan Comp\.gradle\caches\4.1\fileHashes)" [_thread_blocked, id=14580, stack(0x000000001ad40000,0x000000001ae40000)]
  0x000000001905e000 JavaThread "Daemon periodic checks" [_thread_blocked, id=268, stack(0x000000001a440000,0x000000001a540000)]
  0x0000000019559800 JavaThread "Incoming local TCP Connector on port 12619" [_thread_in_native, id=4156, stack(0x000000001a200000,0x000000001a300000)]
  0x0000000017f20800 JavaThread "Service Thread" daemon [_thread_blocked, id=10792, stack(0x00000000182f0000,0x00000000183f0000)]
  0x00000000165b9800 JavaThread "C1 CompilerThread2" daemon [_thread_in_native, id=5072, stack(0x0000000017df0000,0x0000000017ef0000)]
=>0x00000000165b5000 JavaThread "C2 CompilerThread1" daemon [_thread_in_native, id=8392, stack(0x0000000017cf0000,0x0000000017df0000)]
  0x00000000165a4800 JavaThread "C2 CompilerThread0" daemon [_thread_in_native, id=4040, stack(0x0000000017bf0000,0x0000000017cf0000)]
  0x00000000165a2000 JavaThread "Attach Listener" daemon [_thread_blocked, id=18388, stack(0x0000000017af0000,0x0000000017bf0000)]
  0x00000000165a0800 JavaThread "Signal Dispatcher" daemon [_thread_blocked, id=14460, stack(0x00000000179f0000,0x0000000017af0000)]
  0x0000000002c2b000 JavaThread "Finalizer" daemon [_thread_blocked, id=14260, stack(0x00000000177f0000,0x00000000178f0000)]
  0x0000000016589000 JavaThread "Reference Handler" daemon [_thread_blocked, id=10684, stack(0x00000000176f0000,0x00000000177f0000)]
  0x000000000115e000 JavaThread "main" [_thread_blocked, id=2692, stack(0x0000000002a30000,0x0000000002b30000)]

Other Threads:
  0x0000000016567000 VMThread [stack: 0x00000000175f0000,0x00000000176f0000] [id=1984]
  0x00000000165fa800 WatcherThread [stack: 0x00000000183f0000,0x00000000184f0000] [id=15016]

VM state:not at safepoint (normal execution)

VM Mutex/Monitor currently owned by a thread: None

heap address: 0x00000000a0000000, size: 1536 MB, Compressed Oops mode: 32-bit
Narrow klass base: 0x0000000000000000, Narrow klass shift: 3
Compressed class space size: 1073741824 Address: 0x0000000100000000

Heap:
 PSYoungGen      total 434176K, used 402380K [0x00000000e0000000, 0x00000000fda00000, 0x0000000100000000)
  eden space 389120K, 95% used [0x00000000e0000000,0x00000000f69026a0,0x00000000f7c00000)
  from space 45056K, 72% used [0x00000000faa80000,0x00000000fca70bf8,0x00000000fd680000)
  to   space 47616K, 0% used [0x00000000f7c00000,0x00000000f7c00000,0x00000000faa80000)
 ParOldGen       total 138240K, used 66268K [0x00000000a0000000, 0x00000000a8700000, 0x00000000e0000000)
  object space 138240K, 47% used [0x00000000a0000000,0x00000000a40b7308,0x00000000a8700000)
 Metaspace       used 99573K, capacity 103708K, committed 103896K, reserved 1140736K
  class space    used 12133K, capacity 12958K, committed 13056K, reserved 1048576K

Card table byte_map: [0x0000000011ff0000,0x0000000012300000] byte_map_base: 0x0000000011af0000

Marking Bits: (ParMarkBitMap*) 0x0000000073c6f030
 Begin Bits: [0x0000000012900000, 0x0000000014100000)
 End Bits:   [0x0000000014100000, 0x0000000015900000)

Polling page: 0x0000000001180000

CodeCache: size=245760Kb used=70733Kb max_used=71162Kb free=175026Kb
 bounds [0x0000000002c30000, 0x0000000007230000, 0x0000000011c30000]
 total_blobs=19066 nmethods=18077 adapters=899
 compilation: enabled

Compilation events (10 events):
Event: 5763.892 Thread 0x00000000165b9800 23411       3       com.android.dx.dex.file.ClassDefItem::addDirectMethod (9 bytes)
Event: 5763.892 Thread 0x00000000165b9800 nmethod 23411 0x00000000065a9990 code [0x00000000065a9b20, 0x00000000065a9f18]
Event: 5763.899 Thread 0x00000000165b9800 23412       3       com.android.dx.ssa.ConstCollector::getConstsSortedByCountUse (337 bytes)
Event: 5763.918 Thread 0x00000000165b9800 nmethod 23412 0x0000000005b3bf90 code [0x0000000005b3c4c0, 0x0000000005b40158]
Event: 5763.918 Thread 0x00000000165b9800 23413       3       com.android.dx.dex.code.TargetInsn::<init> (29 bytes)
Event: 5763.918 Thread 0x00000000165b9800 nmethod 23413 0x00000000040d9e50 code [0x00000000040d9fe0, 0x00000000040da2f8]
Event: 5763.919 Thread 0x00000000165b9800 23414       3       com.android.dx.ssa.ConstCollector$1::<init> (15 bytes)
Event: 5763.920 Thread 0x00000000165b9800 nmethod 23414 0x0000000006830610 code [0x0000000006830760, 0x0000000006830930]
Event: 5763.923 Thread 0x00000000165a4800 nmethod 23343 0x000000000720f050 code [0x000000000720f520, 0x0000000007211f50]
Event: 5763.924 Thread 0x00000000165a4800 23415       4       com.android.dx.ssa.SsaBasicBlock::forEachPhiInsn (54 bytes)

GC Heap History (10 events):
Event: 5714.506 GC heap before
{Heap before GC invocations=40 (full 4):
 PSYoungGen      total 261632K, used 241715K [0x00000000e0000000, 0x00000000f5500000, 0x0000000100000000)
  eden space 222720K, 100% used [0x00000000e0000000,0x00000000ed980000,0x00000000ed980000)
  from space 38912K, 48% used [0x00000000ed980000,0x00000000eec0ce98,0x00000000eff80000)
  to   space 37888K, 0% used [0x00000000f3000000,0x00000000f3000000,0x00000000f5500000)
 ParOldGen       total 138240K, used 60195K [0x00000000a0000000, 0x00000000a8700000, 0x00000000e0000000)
  object space 138240K, 43% used [0x00000000a0000000,0x00000000a3ac8c28,0x00000000a8700000)
 Metaspace       used 76510K, capacity 79648K, committed 79832K, reserved 1118208K
  class space    used 9497K, capacity 10183K, committed 10240K, reserved 1048576K
Event: 5714.783 GC heap after
Heap after GC invocations=40 (full 4):
 PSYoungGen      total 308224K, used 4848K [0x00000000e0000000, 0x00000000f5380000, 0x0000000100000000)
  eden space 271872K, 0% used [0x00000000e0000000,0x00000000e0000000,0x00000000f0980000)
  from space 36352K, 13% used [0x00000000f3000000,0x00000000f34bc010,0x00000000f5380000)
  to   space 37888K, 0% used [0x00000000f0980000,0x00000000f0980000,0x00000000f2e80000)
 ParOldGen       total 138240K, used 60405K [0x00000000a0000000, 0x00000000a8700000, 0x00000000e0000000)
  object space 138240K, 43% used [0x00000000a0000000,0x00000000a3afd4a0,0x00000000a8700000)
 Metaspace       used 76510K, capacity 79648K, committed 79832K, reserved 1118208K
  class space    used 9497K, capacity 10183K, committed 10240K, reserved 1048576K
}
Event: 5729.386 GC heap before
{Heap before GC invocations=41 (full 4):
 PSYoungGen      total 308224K, used 276720K [0x00000000e0000000, 0x00000000f5380000, 0x0000000100000000)
  eden space 271872K, 100% used [0x00000000e0000000,0x00000000f0980000,0x00000000f0980000)
  from space 36352K, 13% used [0x00000000f3000000,0x00000000f34bc010,0x00000000f5380000)
  to   space 37888K, 0% used [0x00000000f0980000,0x00000000f0980000,0x00000000f2e80000)
 ParOldGen       total 138240K, used 60405K [0x00000000a0000000, 0x00000000a8700000, 0x00000000e0000000)
  object space 138240K, 43% used [0x00000000a0000000,0x00000000a3afd4a0,0x00000000a8700000)
 Metaspace       used 76985K, capacity 80258K, committed 80472K, reserved 1120256K
  class space    used 9542K, capacity 10244K, committed 10368K, reserved 1048576K
Event: 5729.676 GC heap after
Heap after GC invocations=41 (full 4):
 PSYoungGen      total 309760K, used 11393K [0x00000000e0000000, 0x00000000f8880000, 0x0000000100000000)
  eden space 271872K, 0% used [0x00000000e0000000,0x00000000e0000000,0x00000000f0980000)
  from space 37888K, 30% used [0x00000000f0980000,0x00000000f14a04f0,0x00000000f2e80000)
  to   space 35840K, 0% used [0x00000000f6580000,0x00000000f6580000,0x00000000f8880000)
 ParOldGen       total 138240K, used 60717K [0x00000000a0000000, 0x00000000a8700000, 0x00000000e0000000)
  object space 138240K, 43% used [0x00000000a0000000,0x00000000a3b4b5a8,0x00000000a8700000)
 Metaspace       used 76985K, capacity 80258K, committed 80472K, reserved 1120256K
  class space    used 9542K, capacity 10244K, committed 10368K, reserved 1048576K
}
Event: 5737.854 GC heap before
{Heap before GC invocations=42 (full 4):
 PSYoungGen      total 309760K, used 279566K [0x00000000e0000000, 0x00000000f8880000, 0x0000000100000000)
  eden space 271872K, 98% used [0x00000000e0000000,0x00000000f05e33a8,0x00000000f0980000)
  from space 37888K, 30% used [0x00000000f0980000,0x00000000f14a04f0,0x00000000f2e80000)
  to   space 35840K, 0% used [0x00000000f6580000,0x00000000f6580000,0x00000000f8880000)
 ParOldGen       total 138240K, used 60717K [0x00000000a0000000, 0x00000000a8700000, 0x00000000e0000000)
  object space 138240K, 43% used [0x00000000a0000000,0x00000000a3b4b5a8,0x00000000a8700000)
 Metaspace       used 90708K, capacity 94498K, committed 94680K, reserved 1132544K
  class space    used 11270K, capacity 12018K, committed 12032K, reserved 1048576K
Event: 5738.011 GC heap after
Heap after GC invocations=42 (full 4):
 PSYoungGen      total 358912K, used 35829K [0x00000000e0000000, 0x00000000f9480000, 0x0000000100000000)
  eden space 323072K, 0% used [0x00000000e0000000,0x00000000e0000000,0x00000000f3b80000)
  from space 35840K, 99% used [0x00000000f6580000,0x00000000f887d670,0x00000000f8880000)
  to   space 43008K, 0% used [0x00000000f3b80000,0x00000000f3b80000,0x00000000f6580000)
 ParOldGen       total 138240K, used 64295K [0x00000000a0000000, 0x00000000a8700000, 0x00000000e0000000)
  object space 138240K, 46% used [0x00000000a0000000,0x00000000a3ec9cb8,0x00000000a8700000)
 Metaspace       used 90708K, capacity 94498K, committed 94680K, reserved 1132544K
  class space    used 11270K, capacity 12018K, committed 12032K, reserved 1048576K
}
Event: 5738.885 GC heap before
{Heap before GC invocations=43 (full 4):
 PSYoungGen      total 358912K, used 334572K [0x00000000e0000000, 0x00000000f9480000, 0x0000000100000000)
  eden space 323072K, 92% used [0x00000000e0000000,0x00000000f23bda80,0x00000000f3b80000)
  from space 35840K, 99% used [0x00000000f6580000,0x00000000f887d670,0x00000000f8880000)
  to   space 43008K, 0% used [0x00000000f3b80000,0x00000000f3b80000,0x00000000f6580000)
 ParOldGen       total 138240K, used 64295K [0x00000000a0000000, 0x00000000a8700000, 0x00000000e0000000)
  object space 138240K, 46% used [0x00000000a0000000,0x00000000a3ec9cb8,0x00000000a8700000)
 Metaspace       used 92668K, capacity 96564K, committed 96856K, reserved 1134592K
  class space    used 11544K, capacity 12309K, committed 12416K, reserved 1048576K
Event: 5739.014 GC heap after
Heap after GC invocations=43 (full 4):
 PSYoungGen      total 366080K, used 29080K [0x00000000e0000000, 0x00000000fd680000, 0x0000000100000000)
  eden space 323072K, 0% used [0x00000000e0000000,0x00000000e0000000,0x00000000f3b80000)
  from space 43008K, 67% used [0x00000000f3b80000,0x00000000f57e6078,0x00000000f6580000)
  to   space 45056K, 0% used [0x00000000faa80000,0x00000000faa80000,0x00000000fd680000)
 ParOldGen       total 138240K, used 64351K [0x00000000a0000000, 0x00000000a8700000, 0x00000000e0000000)
  object space 138240K, 46% used [0x00000000a0000000,0x00000000a3ed7cb8,0x00000000a8700000)
 Metaspace       used 92668K, capacity 96564K, committed 96856K, reserved 1134592K
  class space    used 11544K, capacity 12309K, committed 12416K, reserved 1048576K
}
Event: 5741.291 GC heap before
{Heap before GC invocations=44 (full 4):
 PSYoungGen      total 366080K, used 331392K [0x00000000e0000000, 0x00000000fd680000, 0x0000000100000000)
  eden space 323072K, 93% used [0x00000000e0000000,0x00000000f273a320,0x00000000f3b80000)
  from space 43008K, 67% used [0x00000000f3b80000,0x00000000f57e6078,0x00000000f6580000)
  to   space 45056K, 0% used [0x00000000faa80000,0x00000000faa80000,0x00000000fd680000)
 ParOldGen       total 138240K, used 64351K [0x00000000a0000000, 0x00000000a8700000, 0x00000000e0000000)
  object space 138240K, 46% used [0x00000000a0000000,0x00000000a3ed7cb8,0x00000000a8700000)
 Metaspace       used 93739K, capacity 97740K, committed 98008K, reserved 1134592K
  class space    used 11655K, capacity 12425K, committed 12544K, reserved 1048576K
Event: 5741.384 GC heap after
Heap after GC invocations=44 (full 4):
 PSYoungGen      total 434176K, used 32706K [0x00000000e0000000, 0x00000000fda00000, 0x0000000100000000)
  eden space 389120K, 0% used [0x00000000e0000000,0x00000000e0000000,0x00000000f7c00000)
  from space 45056K, 72% used [0x00000000faa80000,0x00000000fca70bf8,0x00000000fd680000)
  to   space 47616K, 0% used [0x00000000f7c00000,0x00000000f7c00000,0x00000000faa80000)
 ParOldGen       total 138240K, used 66268K [0x00000000a0000000, 0x00000000a8700000, 0x00000000e0000000)
  object space 138240K, 47% used [0x00000000a0000000,0x00000000a40b7308,0x00000000a8700000)
 Metaspace       used 93739K, capacity 97740K, committed 98008K, reserved 1134592K
  class space    used 11655K, capacity 12425K, committed 12544K, reserved 1048576K
}

Deoptimization events (10 events):
Event: 5760.917 Thread 0x000000001ba41800 Uncommon trap: reason=bimorphic action=maybe_recompile pc=0x00000000070303ec method=com.intellij.reference.SoftReference.dereference(Ljava/lang/ref/Reference;)Ljava/lang/Object; @ 9
Event: 5760.917 Thread 0x000000001ba41800 Uncommon trap: reason=bimorphic action=maybe_recompile pc=0x00000000070303ec method=com.intellij.reference.SoftReference.dereference(Ljava/lang/ref/Reference;)Ljava/lang/Object; @ 9
Event: 5760.917 Thread 0x000000001ba41800 Uncommon trap: reason=bimorphic action=maybe_recompile pc=0x00000000070303ec method=com.intellij.reference.SoftReference.dereference(Ljava/lang/ref/Reference;)Ljava/lang/Object; @ 9
Event: 5760.926 Thread 0x000000001ba41800 Uncommon trap: reason=unstable_if action=reinterpret pc=0x00000000053bbd64 method=gnu.trove.TObjectHash.index(Ljava/lang/Object;)I @ 116
Event: 5760.992 Thread 0x000000001ba41800 Uncommon trap: reason=bimorphic action=maybe_recompile pc=0x0000000004f40740 method=java.io.BufferedWriter.flushBuffer()V @ 34
Event: 5760.995 Thread 0x000000001ba41800 Uncommon trap: reason=bimorphic action=maybe_recompile pc=0x0000000004f40740 method=java.io.BufferedWriter.flushBuffer()V @ 34
Event: 5763.109 Thread 0x000000001ba36800 Uncommon trap: reason=class_check action=maybe_recompile pc=0x0000000003393ab8 method=com.google.common.base.Joiner.toString(Ljava/lang/Object;)Ljava/lang/CharSequence; @ 6
Event: 5763.110 Thread 0x000000001ba36800 Uncommon trap: reason=class_check action=maybe_recompile pc=0x0000000003393ab8 method=com.google.common.base.Joiner.toString(Ljava/lang/Object;)Ljava/lang/CharSequence; @ 6
Event: 5763.110 Thread 0x000000001ba36800 Uncommon trap: reason=class_check action=maybe_recompile pc=0x0000000003393ab8 method=com.google.common.base.Joiner.toString(Ljava/lang/Object;)Ljava/lang/CharSequence; @ 6
Event: 5763.111 Thread 0x000000001ba36800 Uncommon trap: reason=class_check action=maybe_recompile pc=0x0000000003393ab8 method=com.google.common.base.Joiner.toString(Ljava/lang/Object;)Ljava/lang/CharSequence; @ 6

Classes redefined (0 events):
No events

Internal exceptions (10 events):
Event: 5759.458 Thread 0x000000001ba41800 Exception <a 'java/lang/ClassNotFoundException': java/util/AbstractSequentialListCustomizer> (0x00000000f49f5500) thrown at [C:\src\AOSP-openjdk-git\hotspot\src\share\vm\classfile\systemDictionary.cpp, line 210]
Event: 5759.462 Thread 0x000000001ba41800 Exception <a 'java/lang/ClassNotFoundException': java/util/LinkedListCustomizer> (0x00000000f4a07858) thrown at [C:\src\AOSP-openjdk-git\hotspot\src\share\vm\classfile\systemDictionary.cpp, line 210]
Event: 5759.482 Thread 0x000000001ba41800 Exception <a 'java/lang/ClassNotFoundException': org/codehaus/groovy/ast/ClassNodeBeanInfo> (0x00000000f4a7fc50) thrown at [C:\src\AOSP-openjdk-git\hotspot\src\share\vm\classfile\systemDictionary.cpp, line 210]
Event: 5759.483 Thread 0x000000001ba41800 Exception <a 'java/lang/ClassNotFoundException': org/codehaus/groovy/ast/AnnotatedNodeBeanInfo> (0x00000000f4aa5278) thrown at [C:\src\AOSP-openjdk-git\hotspot\src\share\vm\classfile\systemDictionary.cpp, line 210]
Event: 5759.485 Thread 0x000000001ba41800 Exception <a 'java/lang/ClassNotFoundException': org/codehaus/groovy/ast/AnnotatedNodeCustomizer> (0x00000000f4acb2b0) thrown at [C:\src\AOSP-openjdk-git\hotspot\src\share\vm\classfile\systemDictionary.cpp, line 210]
Event: 5759.487 Thread 0x000000001ba41800 Exception <a 'java/lang/ClassNotFoundException': org/codehaus/groovy/ast/ClassNodeCustomizer> (0x00000000f4aff1e0) thrown at [C:\src\AOSP-openjdk-git\hotspot\src\share\vm\classfile\systemDictionary.cpp, line 210]
Event: 5759.983 Thread 0x000000001ba41800 Exception <a 'sun/nio/fs/WindowsException'> (0x00000000f4bd3198) thrown at [C:\src\AOSP-openjdk-git\hotspot\src\share\vm\prims\jni.cpp, line 710]
Event: 5760.413 Thread 0x000000001ba41800 Exception <a 'sun/nio/fs/WindowsException'> (0x00000000f4d36ad8) thrown at [C:\src\AOSP-openjdk-git\hotspot\src\share\vm\prims\jni.cpp, line 710]
Event: 5760.426 Thread 0x000000001ba41800 Exception <a 'sun/nio/fs/WindowsException'> (0x00000000f4d50100) thrown at [C:\src\AOSP-openjdk-git\hotspot\src\share\vm\prims\jni.cpp, line 710]
Event: 5760.458 Thread 0x000000001ba41800 Exception <a 'sun/nio/fs/WindowsException'> (0x00000000f4d7ab68) thrown at [C:\src\AOSP-openjdk-git\hotspot\src\share\vm\prims\jni.cpp, line 710]

Events (10 events):
Event: 5763.581 Thread 0x00000000165b9800 flushing nmethod 0x000000000677df90
Event: 5763.582 Thread 0x00000000165b9800 flushing nmethod 0x000000000677e450
Event: 5763.582 Thread 0x00000000165b9800 flushing nmethod 0x00000000067b4a10
Event: 5763.583 Thread 0x00000000165b9800 flushing nmethod 0x00000000068b0ed0
Event: 5763.583 Thread 0x00000000165b9800 flushing nmethod 0x00000000068bd290
Event: 5763.583 Thread 0x00000000165b9800 flushing nmethod 0x00000000068bd650
Event: 5763.585 Thread 0x00000000165b9800 flushing nmethod 0x0000000006978250
Event: 5763.587 Thread 0x00000000165b9800 flushing nmethod 0x0000000006b8b090
Event: 5763.588 Thread 0x00000000165b9800 flushing nmethod 0x0000000006cf5ad0
Event: 5763.589 Thread 0x00000000165b9800 flushing nmethod 0x0000000006e3acd0


Dynamic libraries:
0x00007ff7a53e0000 - 0x00007ff7a5411000 	C:\Program Files\Android\Android Studio\jre\bin\java.exe
0x00007ff990df0000 - 0x00007ff990fe5000 	C:\WINDOWS\SYSTEM32\ntdll.dll
0x00007ff96f560000 - 0x00007ff96f572000 	C:\Program Files\AVAST Software\Avast\aswhook.dll
0x00007ff98f4f0000 - 0x00007ff98f5ad000 	C:\WINDOWS\System32\KERNEL32.DLL
0x00007ff98ea20000 - 0x00007ff98ece9000 	C:\WINDOWS\System32\KERNELBASE.dll
0x00007ff990520000 - 0x00007ff9905cc000 	C:\WINDOWS\System32\ADVAPI32.dll
0x00007ff98ef80000 - 0x00007ff98f01e000 	C:\WINDOWS\System32\msvcrt.dll
0x00007ff98f440000 - 0x00007ff98f4dc000 	C:\WINDOWS\System32\sechost.dll
0x00007ff990020000 - 0x00007ff99014b000 	C:\WINDOWS\System32\RPCRT4.dll
0x00007ff98fa50000 - 0x00007ff98fbf0000 	C:\WINDOWS\System32\USER32.dll
0x00007ff98e530000 - 0x00007ff98e552000 	C:\WINDOWS\System32\win32u.dll
0x00007ff98f5b0000 - 0x00007ff98f5da000 	C:\WINDOWS\System32\GDI32.dll
0x00007ff98e910000 - 0x00007ff98ea1b000 	C:\WINDOWS\System32\gdi32full.dll
0x00007ff98e7c0000 - 0x00007ff98e85d000 	C:\WINDOWS\System32\msvcp_win.dll
0x00007ff98e6c0000 - 0x00007ff98e7c0000 	C:\WINDOWS\System32\ucrtbase.dll
0x00007ff973050000 - 0x00007ff9732ea000 	C:\WINDOWS\WinSxS\amd64_microsoft.windows.common-controls_6595b64144ccf1df_6.0.19041.844_none_ca00b6081b84eb1d\COMCTL32.dll
0x00007ff990d80000 - 0x00007ff990db0000 	C:\WINDOWS\System32\IMM32.DLL
0x00000000540b0000 - 0x0000000054182000 	C:\Program Files\Android\Android Studio\jre\jre\bin\msvcr100.dll
0x00000000734a0000 - 0x0000000073ceb000 	C:\Program Files\Android\Android Studio\jre\jre\bin\server\jvm.dll
0x00007ff98f020000 - 0x00007ff98f028000 	C:\WINDOWS\System32\PSAPI.DLL
0x00007ff97f620000 - 0x00007ff97f647000 	C:\WINDOWS\SYSTEM32\WINMM.dll
0x00007ff97aab0000 - 0x00007ff97aab9000 	C:\WINDOWS\SYSTEM32\WSOCK32.dll
0x00007ff9904b0000 - 0x00007ff99051b000 	C:\WINDOWS\System32\WS2_32.dll
0x00007ff984980000 - 0x00007ff98498a000 	C:\WINDOWS\SYSTEM32\VERSION.dll
0x00007ff987380000 - 0x00007ff98738f000 	C:\Program Files\Android\Android Studio\jre\jre\bin\verify.dll
0x00007ff980df0000 - 0x00007ff980e19000 	C:\Program Files\Android\Android Studio\jre\jre\bin\java.dll
0x00007ff980500000 - 0x00007ff980516000 	C:\Program Files\Android\Android Studio\jre\jre\bin\zip.dll
0x00007ff9905d0000 - 0x00007ff990d12000 	C:\WINDOWS\System32\SHELL32.dll
0x00007ff98c690000 - 0x00007ff98ce20000 	C:\WINDOWS\SYSTEM32\windows.storage.dll
0x00007ff98fcc0000 - 0x00007ff990015000 	C:\WINDOWS\System32\combase.dll
0x00007ff98ded0000 - 0x00007ff98defc000 	C:\WINDOWS\SYSTEM32\Wldp.dll
0x00007ff990150000 - 0x00007ff9901fe000 	C:\WINDOWS\System32\SHCORE.dll
0x00007ff990d20000 - 0x00007ff990d75000 	C:\WINDOWS\System32\shlwapi.dll
0x00007ff98e470000 - 0x00007ff98e48f000 	C:\WINDOWS\SYSTEM32\profapi.dll
0x00007ff97f090000 - 0x00007ff97f0aa000 	C:\Program Files\Android\Android Studio\jre\jre\bin\net.dll
0x00007ff98dc50000 - 0x00007ff98dcba000 	C:\WINDOWS\system32\mswsock.dll
0x00007ff97f070000 - 0x00007ff97f083000 	C:\Program Files\Android\Android Studio\jre\jre\bin\nio.dll
0x00007ff9804e0000 - 0x00007ff9804fe000 	C:\Users\Azan Comp\.gradle\native\25\windows-amd64\native-platform.dll
0x00007ff9872c0000 - 0x00007ff9872cd000 	C:\Program Files\Android\Android Studio\jre\jre\bin\management.dll
0x00007ff98de30000 - 0x00007ff98de48000 	C:\WINDOWS\SYSTEM32\CRYPTSP.dll
0x00007ff98d5f0000 - 0x00007ff98d624000 	C:\WINDOWS\system32\rsaenh.dll
0x00007ff98ed50000 - 0x00007ff98ed77000 	C:\WINDOWS\System32\bcrypt.dll
0x00007ff98e3f0000 - 0x00007ff98e41e000 	C:\WINDOWS\SYSTEM32\USERENV.dll
0x00007ff98ed80000 - 0x00007ff98ee00000 	C:\WINDOWS\System32\bcryptprimitives.dll
0x00007ff98de20000 - 0x00007ff98de2c000 	C:\WINDOWS\SYSTEM32\CRYPTBASE.dll
0x00007ff98d940000 - 0x00007ff98d97b000 	C:\WINDOWS\SYSTEM32\IPHLPAPI.DLL
0x00007ff98f4e0000 - 0x00007ff98f4e8000 	C:\WINDOWS\System32\NSI.dll
0x00007ff980b20000 - 0x00007ff980b37000 	C:\WINDOWS\SYSTEM32\dhcpcsvc6.DLL
0x00007ff981270000 - 0x00007ff98128d000 	C:\WINDOWS\SYSTEM32\dhcpcsvc.DLL
0x00007ff98d980000 - 0x00007ff98da4b000 	C:\WINDOWS\SYSTEM32\DNSAPI.dll
0x00007ff944740000 - 0x00007ff9448dc000 	C:\Program Files\Android\Android Studio\jre\jre\bin\awt.dll
0x00007ff98fbf0000 - 0x00007ff98fcbd000 	C:\WINDOWS\System32\OLEAUT32.dll
0x00007ff98c2b0000 - 0x00007ff98c2df000 	C:\WINDOWS\SYSTEM32\dwmapi.dll
0x00007ff98ad00000 - 0x00007ff98b2c0000 	C:\WINDOWS\SYSTEM32\d2d1.dll
0x00007ff98bf20000 - 0x00007ff98bfb0000 	C:\WINDOWS\SYSTEM32\apphelp.dll
0x00007ff98bfd0000 - 0x00007ff98c06e000 	C:\WINDOWS\system32\uxtheme.dll

VM Arguments:
jvm_args: -Xmx1536m -Dfile.encoding=windows-1252 -Duser.country=US -Duser.language=en -Duser.variant 
java_command: org.gradle.launcher.daemon.bootstrap.GradleDaemon 4.1
java_class_path (initial): C:\Users\Azan Comp\.gradle\wrapper\dists\gradle-4.1-all\bzyivzo6n839fup2jbap0tjew\gradle-4.1\lib\gradle-launcher-4.1.jar
Launcher Type: SUN_STANDARD

Environment Variables:
PATH=C:\WINDOWS\system32;C:\WINDOWS;C:\WINDOWS\System32\Wbem;C:\WINDOWS\System32\WindowsPowerShell\v1.0\;C:\WINDOWS\System32\OpenSSH\;C:\Program Files\Git\cmd;C:\Program Files\nodejs\;C:\Users\Azan Comp\AppData\Local\Microsoft\WindowsApps;C:\Users\Azan Comp\AppData\Roaming\npm
USERNAME=Azan Comp
OS=Windows_NT
PROCESSOR_IDENTIFIER=Intel64 Family 6 Model 142 Stepping 9, GenuineIntel



---------------  S Y S T E M  ---------------

OS: Windows 10.0 , 64 bit Build 19041 (10.0.19041.804)

CPU:total 4 (initial active 4) (2 cores per cpu, 2 threads per core) family 6 model 142 stepping 9, cmov, cx8, fxsr, mmx, sse, sse2, sse3, ssse3, sse4.1, sse4.2, popcnt, avx, avx2, aes, clmul, erms, 3dnowpref, lzcnt, ht, tsc, tscinvbit, bmi1, bmi2, adx

Memory: 4k page, physical 4065972k(170152k free), swap 16648884k(5416k free)

vm_info: OpenJDK 64-Bit Server VM (25.242-b01) for windows-amd64 JRE (1.8.0_242-release-1644-b01), built by "builder" with MS VC++ 10.0 (VS2010)

time: Fri Apr 09 23:35:28 2021
timezone: Pakistan Standard Time
elapsed time: 5764 seconds (0d 1h 36m 4s)

